<?xml version="1.0" encoding="UTF-8"?>
<robot generator="Robot 5.0.1 (Python 3.10.0 on darwin)" generated="20221013 17:09:53.565" rpa="false" schemaversion="3">
<suite id="s1" name="LoginTest-DataDriven-CSV" source="/Users/saeemkhan/pythonProject/RobotFrameworkProject/Tests/Google/RegressionTestSuite/LoginTest-DataDriven-CSV.robot">
<kw name="Start Testcase" library="CommonSteps-LoginPage" type="SETUP">
<kw name="Open Browser" library="SeleniumLibrary">
<arg>${url}</arg>
<arg>${browser}</arg>
<doc>Opens a new browser instance to the optional ``url``.</doc>
<msg timestamp="20221013 17:09:54.153" level="INFO">Opening browser 'chrome' to base url 'https://www.saucedemo.com'.</msg>
<status status="PASS" starttime="20221013 17:09:54.153" endtime="20221013 17:09:58.333"/>
</kw>
<kw name="Maximize Browser Window" library="SeleniumLibrary">
<doc>Maximizes current browser window.</doc>
<status status="PASS" starttime="20221013 17:09:58.334" endtime="20221013 17:09:58.512"/>
</kw>
<kw name="Sleep" library="BuiltIn">
<arg>2s</arg>
<doc>Pauses the test executed for the given time.</doc>
<msg timestamp="20221013 17:10:00.516" level="INFO">Slept 2 seconds</msg>
<status status="PASS" starttime="20221013 17:09:58.512" endtime="20221013 17:10:00.516"/>
</kw>
<status status="PASS" starttime="20221013 17:09:54.153" endtime="20221013 17:10:00.517"/>
</kw>
<test id="s1-t1" name="Verify Login Fails" line="11">
<kw name="Failed Login Scenarios">
<arg>_username</arg>
<arg>password123</arg>
<arg>Epic sadface: Username and password do not match any user in this service</arg>
<kw name="Input Text" library="SeleniumLibrary">
<arg>${username_txtbox}</arg>
<arg>${username}</arg>
<doc>Types the given ``text`` into the text field identified by ``locator``.</doc>
<msg timestamp="20221013 17:10:00.526" level="INFO">Typing text '_username' into text field 'id:user-name'.</msg>
<status status="PASS" starttime="20221013 17:10:00.525" endtime="20221013 17:10:00.801"/>
</kw>
<kw name="Input Text" library="SeleniumLibrary">
<arg>${password_txtbox}</arg>
<arg>${password}</arg>
<doc>Types the given ``text`` into the text field identified by ``locator``.</doc>
<msg timestamp="20221013 17:10:00.802" level="INFO">Typing text 'password123' into text field 'id:password'.</msg>
<status status="PASS" starttime="20221013 17:10:00.801" endtime="20221013 17:10:01.074"/>
</kw>
<kw name="Click Button" library="SeleniumLibrary">
<arg>${login_btn}</arg>
<doc>Clicks the button identified by ``locator``.</doc>
<msg timestamp="20221013 17:10:01.075" level="INFO">Clicking button 'id:login-button'.</msg>
<status status="PASS" starttime="20221013 17:10:01.074" endtime="20221013 17:10:01.262"/>
</kw>
<kw name="Sleep" library="BuiltIn">
<arg>2s</arg>
<doc>Pauses the test executed for the given time.</doc>
<msg timestamp="20221013 17:10:03.264" level="INFO">Slept 2 seconds</msg>
<status status="PASS" starttime="20221013 17:10:01.263" endtime="20221013 17:10:03.264"/>
</kw>
<kw name="Element Should Contain" library="SeleniumLibrary">
<arg>${error_txt}</arg>
<arg>${error_msg}</arg>
<doc>Verifies that element ``locator`` contains text ``expected``.</doc>
<msg timestamp="20221013 17:10:03.307" level="INFO">Element 'xpath://body/div[@id='root']/div[1]/div[2]/div[1]/div[1]/div[1]/form[1]/div[3]/h3[1]' contains text 'Epic sadface: Username and password do not match any user in this service'.</msg>
<status status="PASS" starttime="20221013 17:10:03.265" endtime="20221013 17:10:03.307"/>
</kw>
<status status="PASS" starttime="20221013 17:10:00.524" endtime="20221013 17:10:03.307"/>
</kw>
<status status="PASS" starttime="20221013 17:10:00.518" endtime="20221013 17:10:03.308"/>
</test>
<test id="s1-t2" name="Verify Login Fails" line="11">
<kw name="Failed Login Scenarios">
<arg>wrong_username</arg>
<arg>password321</arg>
<arg>Epic sadface: Username and password do not match any user in this service</arg>
<kw name="Input Text" library="SeleniumLibrary">
<arg>${username_txtbox}</arg>
<arg>${username}</arg>
<doc>Types the given ``text`` into the text field identified by ``locator``.</doc>
<msg timestamp="20221013 17:10:03.313" level="INFO">Typing text 'wrong_username' into text field 'id:user-name'.</msg>
<status status="PASS" starttime="20221013 17:10:03.313" endtime="20221013 17:10:03.419"/>
</kw>
<kw name="Input Text" library="SeleniumLibrary">
<arg>${password_txtbox}</arg>
<arg>${password}</arg>
<doc>Types the given ``text`` into the text field identified by ``locator``.</doc>
<msg timestamp="20221013 17:10:03.420" level="INFO">Typing text 'password321' into text field 'id:password'.</msg>
<status status="PASS" starttime="20221013 17:10:03.419" endtime="20221013 17:10:03.523"/>
</kw>
<kw name="Click Button" library="SeleniumLibrary">
<arg>${login_btn}</arg>
<doc>Clicks the button identified by ``locator``.</doc>
<msg timestamp="20221013 17:10:03.524" level="INFO">Clicking button 'id:login-button'.</msg>
<status status="PASS" starttime="20221013 17:10:03.523" endtime="20221013 17:10:03.567"/>
</kw>
<kw name="Sleep" library="BuiltIn">
<arg>2s</arg>
<doc>Pauses the test executed for the given time.</doc>
<msg timestamp="20221013 17:10:05.568" level="INFO">Slept 2 seconds</msg>
<status status="PASS" starttime="20221013 17:10:03.567" endtime="20221013 17:10:05.568"/>
</kw>
<kw name="Element Should Contain" library="SeleniumLibrary">
<arg>${error_txt}</arg>
<arg>${error_msg}</arg>
<doc>Verifies that element ``locator`` contains text ``expected``.</doc>
<msg timestamp="20221013 17:10:05.591" level="INFO">Element 'xpath://body/div[@id='root']/div[1]/div[2]/div[1]/div[1]/div[1]/form[1]/div[3]/h3[1]' contains text 'Epic sadface: Username and password do not match any user in this service'.</msg>
<status status="PASS" starttime="20221013 17:10:05.568" endtime="20221013 17:10:05.591"/>
</kw>
<status status="PASS" starttime="20221013 17:10:03.312" endtime="20221013 17:10:05.591"/>
</kw>
<status status="PASS" starttime="20221013 17:10:03.310" endtime="20221013 17:10:05.592"/>
</test>
<test id="s1-t3" name="Verify Login Fails" line="11">
<kw name="Failed Login Scenarios">
<arg>standard_user</arg>
<arg>PassPass</arg>
<arg>Epic sadface: Username and password do not match any user in this service</arg>
<kw name="Input Text" library="SeleniumLibrary">
<arg>${username_txtbox}</arg>
<arg>${username}</arg>
<doc>Types the given ``text`` into the text field identified by ``locator``.</doc>
<msg timestamp="20221013 17:10:05.598" level="INFO">Typing text 'standard_user' into text field 'id:user-name'.</msg>
<status status="PASS" starttime="20221013 17:10:05.598" endtime="20221013 17:10:05.710"/>
</kw>
<kw name="Input Text" library="SeleniumLibrary">
<arg>${password_txtbox}</arg>
<arg>${password}</arg>
<doc>Types the given ``text`` into the text field identified by ``locator``.</doc>
<msg timestamp="20221013 17:10:05.711" level="INFO">Typing text 'PassPass' into text field 'id:password'.</msg>
<status status="PASS" starttime="20221013 17:10:05.710" endtime="20221013 17:10:05.831"/>
</kw>
<kw name="Click Button" library="SeleniumLibrary">
<arg>${login_btn}</arg>
<doc>Clicks the button identified by ``locator``.</doc>
<msg timestamp="20221013 17:10:05.832" level="INFO">Clicking button 'id:login-button'.</msg>
<status status="PASS" starttime="20221013 17:10:05.831" endtime="20221013 17:10:05.893"/>
</kw>
<kw name="Sleep" library="BuiltIn">
<arg>2s</arg>
<doc>Pauses the test executed for the given time.</doc>
<msg timestamp="20221013 17:10:07.894" level="INFO">Slept 2 seconds</msg>
<status status="PASS" starttime="20221013 17:10:05.893" endtime="20221013 17:10:07.895"/>
</kw>
<kw name="Element Should Contain" library="SeleniumLibrary">
<arg>${error_txt}</arg>
<arg>${error_msg}</arg>
<doc>Verifies that element ``locator`` contains text ``expected``.</doc>
<msg timestamp="20221013 17:10:07.920" level="INFO">Element 'xpath://body/div[@id='root']/div[1]/div[2]/div[1]/div[1]/div[1]/form[1]/div[3]/h3[1]' contains text 'Epic sadface: Username and password do not match any user in this service'.</msg>
<status status="PASS" starttime="20221013 17:10:07.895" endtime="20221013 17:10:07.920"/>
</kw>
<status status="PASS" starttime="20221013 17:10:05.596" endtime="20221013 17:10:07.921"/>
</kw>
<status status="PASS" starttime="20221013 17:10:05.593" endtime="20221013 17:10:07.921"/>
</test>
<test id="s1-t4" name="Verify Login Fails" line="11">
<kw name="Failed Login Scenarios">
<arg>locked_out_user</arg>
<arg>secret_sauce</arg>
<arg>Epic sadface: Sorry, this user has been locked out.</arg>
<kw name="Input Text" library="SeleniumLibrary">
<arg>${username_txtbox}</arg>
<arg>${username}</arg>
<doc>Types the given ``text`` into the text field identified by ``locator``.</doc>
<msg timestamp="20221013 17:10:07.927" level="INFO">Typing text 'locked_out_user' into text field 'id:user-name'.</msg>
<status status="PASS" starttime="20221013 17:10:07.926" endtime="20221013 17:10:08.046"/>
</kw>
<kw name="Input Text" library="SeleniumLibrary">
<arg>${password_txtbox}</arg>
<arg>${password}</arg>
<doc>Types the given ``text`` into the text field identified by ``locator``.</doc>
<msg timestamp="20221013 17:10:08.047" level="INFO">Typing text 'secret_sauce' into text field 'id:password'.</msg>
<status status="PASS" starttime="20221013 17:10:08.047" endtime="20221013 17:10:08.160"/>
</kw>
<kw name="Click Button" library="SeleniumLibrary">
<arg>${login_btn}</arg>
<doc>Clicks the button identified by ``locator``.</doc>
<msg timestamp="20221013 17:10:08.161" level="INFO">Clicking button 'id:login-button'.</msg>
<status status="PASS" starttime="20221013 17:10:08.160" endtime="20221013 17:10:08.212"/>
</kw>
<kw name="Sleep" library="BuiltIn">
<arg>2s</arg>
<doc>Pauses the test executed for the given time.</doc>
<msg timestamp="20221013 17:10:10.213" level="INFO">Slept 2 seconds</msg>
<status status="PASS" starttime="20221013 17:10:08.212" endtime="20221013 17:10:10.214"/>
</kw>
<kw name="Element Should Contain" library="SeleniumLibrary">
<arg>${error_txt}</arg>
<arg>${error_msg}</arg>
<doc>Verifies that element ``locator`` contains text ``expected``.</doc>
<msg timestamp="20221013 17:10:10.236" level="INFO">Element 'xpath://body/div[@id='root']/div[1]/div[2]/div[1]/div[1]/div[1]/form[1]/div[3]/h3[1]' contains text 'Epic sadface: Sorry, this user has been locked out.'.</msg>
<status status="PASS" starttime="20221013 17:10:10.214" endtime="20221013 17:10:10.236"/>
</kw>
<status status="PASS" starttime="20221013 17:10:07.925" endtime="20221013 17:10:10.237"/>
</kw>
<status status="PASS" starttime="20221013 17:10:07.922" endtime="20221013 17:10:10.237"/>
</test>
<kw name="Finish Testcase" library="CommonSteps-LoginPage" type="TEARDOWN">
<kw name="Close Browser" library="SeleniumLibrary">
<doc>Closes the current browser.</doc>
<status status="PASS" starttime="20221013 17:10:10.238" endtime="20221013 17:10:10.458"/>
</kw>
<status status="PASS" starttime="20221013 17:10:10.238" endtime="20221013 17:10:10.459"/>
</kw>
<doc>Data Driven Failed Login Tests</doc>
<status status="PASS" starttime="20221013 17:09:53.568" endtime="20221013 17:10:10.459"/>
</suite>
<statistics>
<total>
<stat pass="4" fail="0" skip="0">All Tests</stat>
</total>
<tag>
</tag>
<suite>
<stat pass="4" fail="0" skip="0" id="s1" name="LoginTest-DataDriven-CSV">LoginTest-DataDriven-CSV</stat>
</suite>
</statistics>
<errors>
<msg timestamp="20221013 17:10:03.310" level="WARN">Multiple tests with name 'Verify Login Fails' executed in suite 'LoginTest-DataDriven-CSV'.</msg>
<msg timestamp="20221013 17:10:05.593" level="WARN">Multiple tests with name 'Verify Login Fails' executed in suite 'LoginTest-DataDriven-CSV'.</msg>
<msg timestamp="20221013 17:10:07.921" level="WARN">Multiple tests with name 'Verify Login Fails' executed in suite 'LoginTest-DataDriven-CSV'.</msg>
</errors>
</robot>
